TN:
SF:src/api/base.ts
FN:5,(anonymous_0)
FN:8,(anonymous_1)
FN:13,(anonymous_2)
FNF:3
FNH:3
FNDA:2,(anonymous_0)
FNDA:1,(anonymous_1)
FNDA:1,(anonymous_2)
DA:5,2
DA:8,1
DA:9,1
DA:13,1
DA:14,1
LF:5
LH:5
BRF:0
BRH:0
end_of_record
TN:
SF:src/api/file.ts
FN:5,(anonymous_0)
FN:8,(anonymous_1)
FN:16,(anonymous_2)
FN:24,(anonymous_3)
FN:36,(anonymous_4)
FN:41,(anonymous_5)
FN:46,(anonymous_6)
FN:53,(anonymous_7)
FN:58,(anonymous_8)
FNF:9
FNH:9
FNDA:8,(anonymous_0)
FNDA:1,(anonymous_1)
FNDA:1,(anonymous_2)
FNDA:1,(anonymous_3)
FNDA:1,(anonymous_4)
FNDA:1,(anonymous_5)
FNDA:1,(anonymous_6)
FNDA:1,(anonymous_7)
FNDA:1,(anonymous_8)
DA:5,8
DA:8,1
DA:9,1
DA:16,1
DA:17,1
DA:24,1
DA:29,1
DA:36,1
DA:37,1
DA:41,1
DA:42,1
DA:46,1
DA:47,1
DA:53,1
DA:54,1
DA:58,1
DA:59,1
LF:17
LH:17
BRF:0
BRH:0
end_of_record
TN:
SF:src/api/list.ts
FN:12,(anonymous_0)
FNF:1
FNH:0
FNDA:0,(anonymous_0)
DA:12,0
DA:13,0
LF:2
LH:0
BRF:0
BRH:0
end_of_record
TN:
SF:src/api/mock.ts
FN:9,(anonymous_0)
FN:14,(anonymous_1)
FNF:2
FNH:0
FNDA:0,(anonymous_0)
FNDA:0,(anonymous_1)
DA:9,0
DA:10,0
DA:14,0
DA:15,0
LF:4
LH:0
BRF:0
BRH:0
end_of_record
TN:
SF:src/api/monitor.ts
FN:4,(anonymous_0)
FN:92,(anonymous_1)
FN:97,(anonymous_2)
FN:103,(anonymous_3)
FNF:4
FNH:4
FNDA:4,(anonymous_0)
FNDA:1,(anonymous_1)
FNDA:2,(anonymous_2)
FNDA:1,(anonymous_3)
DA:4,4
DA:92,1
DA:93,1
DA:97,1
DA:98,2
DA:99,2
DA:103,1
DA:104,1
LF:8
LH:8
BRDA:98,0,0,1
BRDA:98,0,1,1
BRF:2
BRH:2
end_of_record
TN:
SF:src/api/notice.ts
FN:5,(anonymous_0)
FN:8,(anonymous_1)
FN:13,(anonymous_2)
FN:28,(anonymous_3)
FN:33,(anonymous_4)
FN:38,(anonymous_5)
FN:43,(anonymous_6)
FN:50,(anonymous_7)
FNF:8
FNH:8
FNDA:7,(anonymous_0)
FNDA:1,(anonymous_1)
FNDA:1,(anonymous_2)
FNDA:1,(anonymous_3)
FNDA:1,(anonymous_4)
FNDA:1,(anonymous_5)
FNDA:1,(anonymous_6)
FNDA:1,(anonymous_7)
DA:5,7
DA:8,1
DA:9,1
DA:13,1
DA:21,1
DA:28,1
DA:29,1
DA:33,1
DA:34,1
DA:38,1
DA:39,1
DA:43,1
DA:44,1
DA:50,1
DA:51,1
LF:15
LH:15
BRF:0
BRH:0
end_of_record
TN:
SF:src/api/routes.ts
FN:4,(anonymous_0)
FN:11,(anonymous_1)
FNF:2
FNH:2
FNDA:2,(anonymous_0)
FNDA:2,(anonymous_1)
DA:4,4
DA:11,4
DA:12,2
LF:3
LH:3
BRF:0
BRH:0
end_of_record
TN:
SF:src/api/settings.ts
FN:11,(anonymous_0)
FN:16,(anonymous_1)
FN:21,(anonymous_2)
FN:28,(anonymous_3)
FN:33,(anonymous_4)
FN:40,(anonymous_5)
FN:48,(anonymous_6)
FN:55,(anonymous_7)
FN:63,(anonymous_8)
FN:75,(anonymous_9)
FN:84,(anonymous_10)
FNF:11
FNH:11
FNDA:10,(anonymous_0)
FNDA:1,(anonymous_1)
FNDA:1,(anonymous_2)
FNDA:1,(anonymous_3)
FNDA:1,(anonymous_4)
FNDA:1,(anonymous_5)
FNDA:1,(anonymous_6)
FNDA:1,(anonymous_7)
FNDA:1,(anonymous_8)
FNDA:1,(anonymous_9)
FNDA:1,(anonymous_10)
DA:11,10
DA:16,1
DA:17,1
DA:21,1
DA:22,1
DA:28,1
DA:29,1
DA:33,1
DA:34,1
DA:40,1
DA:41,1
DA:48,1
DA:49,1
DA:55,1
DA:56,1
DA:63,1
DA:69,1
DA:75,1
DA:76,1
DA:84,1
DA:85,1
LF:21
LH:21
BRF:0
BRH:0
end_of_record
TN:
SF:src/api/system.ts
FN:5,(anonymous_0)
FN:6,(anonymous_1)
FN:7,(anonymous_2)
FN:8,(anonymous_3)
FN:9,(anonymous_4)
FN:10,(anonymous_5)
FN:12,(anonymous_6)
FN:13,(anonymous_7)
FN:14,(anonymous_8)
FN:15,(anonymous_9)
FN:16,(anonymous_10)
FN:19,(anonymous_11)
FN:24,(anonymous_12)
FN:29,(anonymous_13)
FN:34,(anonymous_14)
FN:39,(anonymous_15)
FN:56,(anonymous_16)
FN:63,(anonymous_17)
FN:68,(anonymous_18)
FN:73,(anonymous_19)
FN:78,(anonymous_20)
FN:83,(anonymous_21)
FN:88,(anonymous_22)
FN:105,(anonymous_23)
FN:112,(anonymous_24)
FN:117,(anonymous_25)
FN:122,(anonymous_26)
FN:127,(anonymous_27)
FN:132,(anonymous_28)
FN:137,(anonymous_29)
FN:142,(anonymous_30)
FN:147,(anonymous_31)
FN:152,(anonymous_32)
FN:157,(anonymous_33)
FN:162,(anonymous_34)
FN:167,(anonymous_35)
FN:172,(anonymous_36)
FN:189,(anonymous_37)
FN:194,(anonymous_38)
FN:199,(anonymous_39)
FN:215,(anonymous_40)
FN:220,(anonymous_41)
FN:236,(anonymous_42)
FN:240,(anonymous_43)
FNF:44
FNH:31
FNDA:20,(anonymous_0)
FNDA:3,(anonymous_1)
FNDA:3,(anonymous_2)
FNDA:6,(anonymous_3)
FNDA:6,(anonymous_4)
FNDA:1,(anonymous_5)
FNDA:2,(anonymous_6)
FNDA:2,(anonymous_7)
FNDA:2,(anonymous_8)
FNDA:0,(anonymous_9)
FNDA:0,(anonymous_10)
FNDA:1,(anonymous_11)
FNDA:1,(anonymous_12)
FNDA:1,(anonymous_13)
FNDA:1,(anonymous_14)
FNDA:1,(anonymous_15)
FNDA:1,(anonymous_16)
FNDA:1,(anonymous_17)
FNDA:1,(anonymous_18)
FNDA:0,(anonymous_19)
FNDA:0,(anonymous_20)
FNDA:1,(anonymous_21)
FNDA:1,(anonymous_22)
FNDA:1,(anonymous_23)
FNDA:1,(anonymous_24)
FNDA:1,(anonymous_25)
FNDA:1,(anonymous_26)
FNDA:1,(anonymous_27)
FNDA:0,(anonymous_28)
FNDA:1,(anonymous_29)
FNDA:1,(anonymous_30)
FNDA:1,(anonymous_31)
FNDA:0,(anonymous_32)
FNDA:1,(anonymous_33)
FNDA:1,(anonymous_34)
FNDA:1,(anonymous_35)
FNDA:0,(anonymous_36)
FNDA:0,(anonymous_37)
FNDA:0,(anonymous_38)
FNDA:0,(anonymous_39)
FNDA:0,(anonymous_40)
FNDA:0,(anonymous_41)
FNDA:0,(anonymous_42)
FNDA:1,(anonymous_43)
DA:5,20
DA:6,3
DA:7,3
DA:8,6
DA:9,6
DA:10,1
DA:12,2
DA:13,2
DA:14,2
DA:15,1
DA:16,1
DA:19,1
DA:20,1
DA:24,1
DA:25,1
DA:29,1
DA:30,1
DA:34,1
DA:35,1
DA:39,1
DA:46,1
DA:56,1
DA:57,1
DA:63,1
DA:64,1
DA:68,1
DA:69,1
DA:73,1
DA:74,0
DA:78,1
DA:79,0
DA:83,1
DA:84,1
DA:88,1
DA:95,1
DA:105,1
DA:106,1
DA:112,1
DA:113,1
DA:117,1
DA:118,1
DA:122,1
DA:123,1
DA:127,1
DA:128,1
DA:132,1
DA:133,0
DA:137,1
DA:138,1
DA:142,1
DA:143,1
DA:147,1
DA:148,1
DA:152,1
DA:153,0
DA:157,1
DA:158,1
DA:162,1
DA:163,1
DA:167,1
DA:168,1
DA:172,1
DA:179,0
DA:189,1
DA:190,0
DA:194,1
DA:195,0
DA:199,1
DA:205,0
DA:215,1
DA:216,0
DA:220,1
DA:226,0
DA:236,1
DA:237,0
DA:240,1
DA:241,1
LF:77
LH:66
BRF:0
BRH:0
end_of_record
TN:
SF:src/api/user.ts
FN:12,(anonymous_0)
FN:15,(anonymous_1)
FN:20,(anonymous_2)
FN:27,(anonymous_3)
FN:32,(anonymous_4)
FN:37,(anonymous_5)
FN:45,(anonymous_6)
FN:50,(anonymous_7)
FN:55,(anonymous_8)
FN:63,(anonymous_9)
FN:71,(anonymous_10)
FNF:11
FNH:11
FNDA:10,(anonymous_0)
FNDA:1,(anonymous_1)
FNDA:1,(anonymous_2)
FNDA:1,(anonymous_3)
FNDA:1,(anonymous_4)
FNDA:1,(anonymous_5)
FNDA:1,(anonymous_6)
FNDA:1,(anonymous_7)
FNDA:1,(anonymous_8)
FNDA:1,(anonymous_9)
FNDA:1,(anonymous_10)
DA:12,10
DA:15,2
DA:16,1
DA:20,2
DA:21,1
DA:27,2
DA:28,1
DA:32,2
DA:33,1
DA:37,2
DA:41,1
DA:45,2
DA:46,1
DA:50,2
DA:51,1
DA:55,2
DA:59,1
DA:63,2
DA:64,1
DA:71,2
DA:72,1
LF:21
LH:21
BRF:0
BRH:0
end_of_record
TN:
SF:src/api/utils.ts
FN:1,(anonymous_0)
FN:2,(anonymous_1)
FNF:2
FNH:2
FNDA:69,(anonymous_0)
FNDA:67,(anonymous_1)
DA:1,69
DA:2,67
LF:2
LH:2
BRF:0
BRH:0
end_of_record
TN:
SF:src/config/index.ts
FN:7,(anonymous_0)
FN:11,(anonymous_1)
FN:16,(anonymous_2)
FN:30,(anonymous_3)
FN:36,(anonymous_4)
FN:47,(anonymous_5)
FN:68,(anonymous_6)
FN:74,(anonymous_7)
FNF:8
FNH:8
FNDA:35,(anonymous_0)
FNDA:17,(anonymous_1)
FNDA:10,(anonymous_2)
FNDA:4,(anonymous_3)
FNDA:3,(anonymous_4)
FNDA:1,(anonymous_5)
FNDA:1,(anonymous_6)
FNDA:4,(anonymous_7)
DA:4,1
DA:5,1
DA:7,1
DA:8,35
DA:11,1
DA:12,17
DA:13,5
DA:14,5
DA:15,5
DA:16,5
DA:17,10
DA:18,6
DA:20,4
DA:23,5
DA:26,12
DA:30,1
DA:31,4
DA:32,4
DA:37,3
DA:39,3
DA:40,3
DA:44,3
DA:48,1
DA:49,1
DA:51,3
DA:52,1
DA:53,1
DA:54,1
DA:55,1
DA:56,1
DA:57,1
DA:58,1
DA:60,1
DA:61,1
DA:64,3
DA:65,3
DA:66,3
DA:69,1
DA:74,4
DA:76,1
LF:40
LH:40
BRDA:12,0,0,5
BRDA:12,0,1,12
BRDA:14,1,0,5
BRDA:14,1,1,0
BRDA:14,2,0,5
BRDA:14,2,1,5
BRDA:17,3,0,6
BRDA:17,3,1,4
BRDA:17,4,0,10
BRDA:17,4,1,9
BRDA:39,5,0,3
BRDA:39,5,1,0
BRDA:39,6,0,3
BRDA:39,6,1,3
BRDA:39,6,2,3
BRDA:51,7,0,1
BRDA:51,7,1,2
BRDA:51,8,0,3
BRDA:51,8,1,1
BRDA:53,9,0,1
BRDA:53,9,1,0
BRDA:54,10,0,1
BRDA:54,10,1,0
BRDA:55,11,0,1
BRDA:55,11,1,0
BRDA:56,12,0,1
BRDA:56,12,1,0
BRDA:57,13,0,1
BRDA:57,13,1,0
BRDA:58,14,0,1
BRDA:58,14,1,0
BRF:31
BRH:23
end_of_record
TN:
SF:src/router/enums.ts
FNF:0
FNH:0
DA:3,0
DA:4,0
DA:5,0
LF:3
LH:0
BRF:0
BRH:0
end_of_record
TN:
SF:src/router/utils.ts
FN:25,(anonymous_0)
FN:27,(anonymous_1)
FN:32,handRank
FN:43,ascending
FN:44,(anonymous_4)
FN:48,(anonymous_5)
FN:56,filterTree
FN:57,(anonymous_7)
FN:60,(anonymous_8)
FN:67,filterChildrenTree
FN:68,(anonymous_10)
FN:69,(anonymous_11)
FN:76,isOneOfArray
FN:85,filterNoPermissionTree
FN:88,(anonymous_14)
FN:91,(anonymous_15)
FN:98,getParentPaths
FN:100,dfs
FN:122,findRouteByPath
FN:123,(anonymous_19)
FN:142,addPathMatch
FN:157,handleAsyncRoutes
FN:161,(anonymous_22)
FN:165,(anonymous_23)
FN:178,(anonymous_24)
FN:190,(anonymous_25)
FN:199,initRouter
FN:205,(anonymous_27)
FN:210,(anonymous_28)
FN:211,(anonymous_29)
FN:219,(anonymous_30)
FN:220,(anonymous_31)
FN:233,formatFlatteningRoutes
FN:252,formatTwoStageRoutes
FN:255,(anonymous_34)
FN:273,handleAliveRoute
FN:298,(anonymous_36)
FN:308,addAsyncRoutes
FN:311,(anonymous_38)
FN:325,(anonymous_39)
FN:326,(anonymous_40)
FN:337,getHistoryMode
FN:360,getAuths
FN:365,hasAuth
FN:376,handleTopMenu
FN:379,(anonymous_45)
FN:389,getTopMenu
FNF:47
FNH:35
FNDA:0,(anonymous_0)
FNDA:0,(anonymous_1)
FNDA:6,handRank
FNDA:4,ascending
FNDA:6,(anonymous_4)
FNDA:4,(anonymous_5)
FNDA:6,filterTree
FNDA:6,(anonymous_7)
FNDA:4,(anonymous_8)
FNDA:2,filterChildrenTree
FNDA:1,(anonymous_10)
FNDA:0,(anonymous_11)
FNDA:5,isOneOfArray
FNDA:2,filterNoPermissionTree
FNDA:1,(anonymous_14)
FNDA:1,(anonymous_15)
FNDA:3,getParentPaths
FNDA:4,dfs
FNDA:4,findRouteByPath
FNDA:4,(anonymous_19)
FNDA:3,addPathMatch
FNDA:1,handleAsyncRoutes
FNDA:0,(anonymous_22)
FNDA:0,(anonymous_23)
FNDA:0,(anonymous_24)
FNDA:0,(anonymous_25)
FNDA:1,initRouter
FNDA:0,(anonymous_27)
FNDA:0,(anonymous_28)
FNDA:0,(anonymous_29)
FNDA:1,(anonymous_30)
FNDA:1,(anonymous_31)
FNDA:2,formatFlatteningRoutes
FNDA:3,formatTwoStageRoutes
FNDA:3,(anonymous_34)
FNDA:4,handleAliveRoute
FNDA:1,(anonymous_36)
FNDA:3,addAsyncRoutes
FNDA:1,(anonymous_38)
FNDA:0,(anonymous_39)
FNDA:54,(anonymous_40)
FNDA:4,getHistoryMode
FNDA:3,getAuths
FNDA:4,hasAuth
FNDA:1,handleTopMenu
FNDA:0,(anonymous_45)
FNDA:1,getTopMenu
DA:25,3
DA:27,3
DA:33,6
DA:34,6
DA:44,4
DA:46,6
DA:48,4
DA:50,4
DA:57,6
DA:58,6
DA:60,6
DA:61,4
DA:63,6
DA:68,2
DA:69,2
DA:70,0
DA:72,2
DA:77,5
DA:86,2
DA:88,2
DA:89,1
DA:91,2
DA:92,1
DA:94,2
DA:101,4
DA:102,4
DA:104,4
DA:106,2
DA:108,1
DA:110,1
DA:112,0
DA:115,1
DA:118,3
DA:123,4
DA:124,4
DA:125,2
DA:127,2
DA:128,2
DA:132,1
DA:133,1
DA:134,1
DA:138,1
DA:143,3
DA:144,1
DA:158,1
DA:159,1
DA:161,0
DA:164,0
DA:166,0
DA:169,0
DA:172,0
DA:174,0
DA:175,0
DA:176,0
DA:178,0
DA:180,0
DA:181,0
DA:185,0
DA:187,1
DA:188,1
DA:191,0
DA:195,1
DA:200,1
DA:202,0
DA:203,0
DA:204,0
DA:205,0
DA:206,0
DA:207,0
DA:210,0
DA:211,0
DA:212,0
DA:213,0
DA:214,0
DA:219,1
DA:220,1
DA:221,1
DA:222,1
DA:234,2
DA:235,1
DA:236,1
DA:237,3
DA:238,3
DA:243,1
DA:253,3
DA:254,2
DA:255,2
DA:256,3
DA:257,2
DA:266,1
DA:269,2
DA:274,4
DA:276,1
DA:280,1
DA:282,1
DA:286,1
DA:288,1
DA:292,1
DA:294,1
DA:298,1
DA:299,1
DA:309,3
DA:310,1
DA:311,1
DA:313,1
DA:315,1
DA:316,0
DA:318,1
DA:319,0
DA:320,1
DA:321,0
DA:324,1
DA:325,0
DA:326,54
DA:327,1
DA:329,1
DA:330,0
DA:333,1
DA:339,4
DA:340,4
DA:341,4
DA:343,4
DA:344,2
DA:345,1
DA:346,1
DA:347,1
DA:350,2
DA:351,2
DA:352,1
DA:353,1
DA:354,1
DA:361,3
DA:366,4
DA:368,3
DA:369,3
DA:370,2
DA:373,4
DA:377,1
DA:378,0
DA:379,0
DA:381,0
DA:384,1
DA:390,1
DA:393,1
DA:394,1
LF:145
LH:111
BRDA:34,0,0,6
BRDA:34,0,1,0
BRDA:34,1,0,2
BRDA:34,1,1,4
BRDA:34,2,0,6
BRDA:34,2,1,5
BRDA:34,2,2,2
BRDA:34,2,3,1
BRDA:46,3,0,2
BRDA:46,3,1,4
BRDA:61,4,0,4
BRDA:61,4,1,4
BRDA:70,5,0,0
BRDA:70,5,1,0
BRDA:77,6,0,2
BRDA:77,6,1,3
BRDA:77,7,0,5
BRDA:77,7,1,3
BRDA:77,8,0,1
BRDA:77,8,1,1
BRDA:86,9,0,2
BRDA:86,9,1,2
BRDA:92,10,0,1
BRDA:92,10,1,1
BRDA:98,11,0,3
BRDA:104,12,0,2
BRDA:104,12,1,2
BRDA:106,13,0,1
BRDA:106,13,1,1
BRDA:106,14,0,2
BRDA:106,14,1,1
BRDA:110,15,0,1
BRDA:110,15,1,0
BRDA:124,16,0,2
BRDA:124,16,1,2
BRDA:125,17,0,0
BRDA:125,17,1,2
BRDA:128,18,0,1
BRDA:128,18,1,1
BRDA:129,19,0,2
BRDA:129,19,1,1
BRDA:133,20,0,1
BRDA:133,20,1,0
BRDA:134,21,0,0
BRDA:134,21,1,1
BRDA:143,22,0,1
BRDA:143,22,1,2
BRDA:158,23,0,1
BRDA:158,23,1,0
BRDA:164,24,0,0
BRDA:164,24,1,0
BRDA:175,25,0,0
BRDA:175,25,1,0
BRDA:187,26,0,1
BRDA:187,26,1,0
BRDA:200,27,0,0
BRDA:200,27,1,1
BRDA:204,28,0,0
BRDA:204,28,1,0
BRDA:204,29,0,0
BRDA:204,29,1,0
BRDA:234,30,0,1
BRDA:234,30,1,1
BRDA:237,31,0,3
BRDA:237,31,1,0
BRDA:253,32,0,1
BRDA:253,32,1,2
BRDA:256,33,0,2
BRDA:256,33,1,1
BRDA:274,34,0,1
BRDA:274,34,1,1
BRDA:274,34,2,1
BRDA:274,34,3,1
BRDA:309,35,0,2
BRDA:309,35,1,1
BRDA:309,36,0,3
BRDA:309,36,1,2
BRDA:315,37,0,0
BRDA:315,37,1,1
BRDA:315,38,0,1
BRDA:315,38,1,1
BRDA:315,38,2,0
BRDA:318,39,0,0
BRDA:318,39,1,1
BRDA:318,40,0,1
BRDA:318,40,1,1
BRDA:318,40,2,0
BRDA:320,41,0,0
BRDA:320,41,1,1
BRDA:324,42,0,0
BRDA:324,42,1,1
BRDA:329,43,0,0
BRDA:329,43,1,1
BRDA:329,44,0,1
BRDA:329,44,1,1
BRDA:343,45,0,2
BRDA:343,45,1,2
BRDA:344,46,0,1
BRDA:344,46,1,1
BRDA:346,47,0,1
BRDA:346,47,1,0
BRDA:350,48,0,2
BRDA:350,48,1,0
BRDA:351,49,0,1
BRDA:351,49,1,1
BRDA:353,50,0,1
BRDA:353,50,1,0
BRDA:366,51,0,1
BRDA:366,51,1,3
BRDA:369,52,0,1
BRDA:369,52,1,2
BRDA:370,53,0,2
BRDA:370,53,1,0
BRDA:373,54,0,1
BRDA:373,54,1,1
BRDA:377,55,0,0
BRDA:377,55,1,1
BRDA:377,56,0,1
BRDA:377,56,1,0
BRDA:378,57,0,0
BRDA:378,57,1,0
BRDA:389,58,0,1
BRDA:393,59,0,1
BRDA:393,59,1,0
BRF:124
BRH:89
end_of_record
TN:
SF:src/store/index.ts
FN:5,setupStore
FNF:1
FNH:0
FNDA:0,setupStore
DA:3,0
DA:6,0
LF:2
LH:0
BRF:0
BRH:0
end_of_record
TN:
SF:src/store/types.ts
FNF:0
FNH:0
LF:0
LH:0
BRF:0
BRH:0
end_of_record
TN:
SF:src/store/utils.ts
FNF:0
FNH:0
LF:0
LH:0
BRF:0
BRH:0
end_of_record
TN:
SF:src/store/modules/app.ts
FN:12,(anonymous_0)
FN:36,(anonymous_1)
FN:39,(anonymous_2)
FN:42,(anonymous_3)
FN:45,(anonymous_4)
FN:50,(anonymous_5)
FN:70,(anonymous_6)
FN:73,(anonymous_7)
FN:76,(anonymous_8)
FN:79,(anonymous_9)
FN:82,(anonymous_10)
FN:88,useAppStoreHook
FNF:12
FNH:10
FNDA:12,(anonymous_0)
FNDA:1,(anonymous_1)
FNDA:1,(anonymous_2)
FNDA:1,(anonymous_3)
FNDA:1,(anonymous_4)
FNDA:1,(anonymous_5)
FNDA:0,(anonymous_6)
FNDA:1,(anonymous_7)
FNDA:1,(anonymous_8)
FNDA:1,(anonymous_9)
FNDA:1,(anonymous_10)
FNDA:0,useAppStoreHook
DA:11,1
DA:12,12
DA:37,1
DA:40,1
DA:43,1
DA:46,1
DA:51,1
DA:54,1
DA:55,0
DA:56,0
DA:57,0
DA:58,1
DA:59,0
DA:60,0
DA:61,0
DA:62,1
DA:63,1
DA:64,1
DA:65,1
DA:66,1
DA:68,1
DA:71,0
DA:74,1
DA:77,1
DA:80,1
DA:83,1
DA:89,0
LF:27
LH:19
BRDA:14,0,0,12
BRDA:14,0,1,0
BRDA:22,1,0,12
BRDA:22,1,1,0
BRDA:26,2,0,0
BRDA:26,2,1,12
BRDA:54,3,0,0
BRDA:54,3,1,1
BRDA:54,4,0,1
BRDA:54,4,1,0
BRDA:58,5,0,0
BRDA:58,5,1,1
BRDA:58,6,0,1
BRDA:58,6,1,1
BRDA:62,7,0,1
BRDA:62,7,1,0
BRDA:62,8,0,1
BRDA:62,8,1,1
BRF:18
BRH:11
end_of_record
TN:
SF:src/store/modules/epTheme.ts
FN:10,(anonymous_0)
FN:21,(anonymous_1)
FN:25,(anonymous_2)
FN:34,(anonymous_3)
FN:47,useEpThemeStoreHook
FNF:5
FNH:4
FNDA:5,(anonymous_0)
FNDA:1,(anonymous_1)
FNDA:2,(anonymous_2)
FNDA:1,(anonymous_3)
FNDA:0,useEpThemeStoreHook
DA:9,1
DA:10,5
DA:22,1
DA:26,2
DA:27,1
DA:29,1
DA:35,1
DA:38,1
DA:39,1
DA:40,1
DA:41,1
DA:42,1
DA:48,0
LF:13
LH:12
BRDA:11,0,0,5
BRDA:11,0,1,0
BRDA:15,1,0,5
BRDA:15,1,1,0
BRDA:26,2,0,1
BRDA:26,2,1,1
BRDA:40,3,0,0
BRDA:40,3,1,1
BRF:8
BRH:5
end_of_record
TN:
SF:src/store/modules/multiTags.ts
FN:18,(anonymous_0)
FN:28,(anonymous_1)
FN:37,(anonymous_2)
FN:42,(anonymous_3)
FN:53,(anonymous_4)
FN:60,(anonymous_5)
FN:84,(anonymous_6)
FN:89,(anonymous_7)
FN:94,(anonymous_8)
FN:104,(anonymous_9)
FN:108,(anonymous_10)
FN:128,(anonymous_11)
FN:143,useMultiTagsStoreHook
FNF:13
FNH:11
FNDA:18,(anonymous_0)
FNDA:0,(anonymous_1)
FNDA:10,(anonymous_2)
FNDA:2,(anonymous_3)
FNDA:16,(anonymous_4)
FNDA:23,(anonymous_5)
FNDA:6,(anonymous_6)
FNDA:7,(anonymous_7)
FNDA:6,(anonymous_8)
FNDA:3,(anonymous_9)
FNDA:1,(anonymous_10)
FNDA:2,(anonymous_11)
FNDA:0,useMultiTagsStoreHook
DA:17,2
DA:18,18
DA:29,0
DA:38,10
DA:43,2
DA:44,2
DA:45,1
DA:50,1
DA:54,16
DA:65,23
DA:67,1
DA:68,1
DA:69,1
DA:72,18
DA:74,18
DA:76,17
DA:78,16
DA:80,15
DA:81,1
DA:82,14
DA:84,14
DA:85,6
DA:89,14
DA:90,7
DA:94,14
DA:95,6
DA:98,14
DA:101,13
DA:102,18
DA:103,3
DA:104,3
DA:108,1
DA:109,1
DA:111,1
DA:114,13
DA:115,13
DA:116,13
DA:120,0
DA:121,0
DA:125,13
DA:127,3
DA:128,2
DA:129,2
DA:130,1
DA:132,1
DA:134,2
DA:135,2
DA:137,1
DA:144,0
LF:49
LH:45
BRDA:20,0,0,0
BRDA:20,0,1,18
BRDA:44,1,0,1
BRDA:44,1,1,1
BRDA:54,2,0,16
BRDA:54,2,1,0
BRDA:65,3,0,1
BRDA:65,3,1,18
BRDA:65,3,2,3
BRDA:65,3,3,1
BRDA:74,4,0,1
BRDA:74,4,1,17
BRDA:76,5,0,1
BRDA:76,5,1,16
BRDA:78,6,0,1
BRDA:78,6,1,15
BRDA:80,7,0,1
BRDA:80,7,1,14
BRDA:80,8,0,15
BRDA:80,8,1,1
BRDA:98,9,0,1
BRDA:98,9,1,13
BRDA:98,10,0,14
BRDA:98,10,1,4
BRDA:98,10,2,1
BRDA:101,11,0,13
BRDA:101,11,1,10
BRDA:102,12,0,3
BRDA:102,12,1,15
BRDA:103,13,0,1
BRDA:103,13,1,2
BRDA:111,14,0,1
BRDA:111,14,1,1
BRDA:116,15,0,0
BRDA:116,15,1,13
BRDA:116,16,0,13
BRDA:116,16,1,0
BRDA:120,17,0,0
BRDA:120,17,1,0
BRDA:127,18,0,2
BRDA:127,18,1,1
BRDA:129,19,0,1
BRDA:129,19,1,1
BRF:43
BRH:37
end_of_record
TN:
SF:src/store/modules/permission.ts
FN:16,(anonymous_0)
FN:28,(anonymous_1)
FN:36,(anonymous_2)
FN:37,(anonymous_3)
FN:40,(anonymous_4)
FN:50,(anonymous_5)
FN:54,(anonymous_6)
FN:65,(anonymous_7)
FN:72,usePermissionStoreHook
FNF:9
FNH:8
FNDA:6,(anonymous_0)
FNDA:1,(anonymous_1)
FNDA:6,(anonymous_2)
FNDA:2,(anonymous_3)
FNDA:1,(anonymous_4)
FNDA:6,(anonymous_5)
FNDA:4,(anonymous_6)
FNDA:1,(anonymous_7)
FNDA:0,usePermissionStoreHook
DA:15,2
DA:16,6
DA:29,1
DA:32,1
DA:37,6
DA:38,6
DA:40,1
DA:41,1
DA:43,4
DA:44,4
DA:46,1
DA:47,1
DA:50,6
DA:51,6
DA:52,6
DA:53,6
DA:54,4
DA:60,4
DA:66,1
DA:67,1
DA:73,0
LF:21
LH:20
BRDA:38,0,0,1
BRDA:38,0,1,4
BRDA:38,0,2,1
BRDA:46,1,0,1
BRDA:46,1,1,1
BRDA:54,2,0,4
BRDA:54,2,1,0
BRF:7
BRH:6
end_of_record
TN:
SF:src/store/modules/settings.ts
FN:5,(anonymous_0)
FN:11,(anonymous_1)
FN:14,(anonymous_2)
FN:17,(anonymous_3)
FN:22,(anonymous_4)
FN:27,(anonymous_5)
FN:33,useSettingStoreHook
FNF:7
FNH:6
FNDA:7,(anonymous_0)
FNDA:1,(anonymous_1)
FNDA:1,(anonymous_2)
FNDA:1,(anonymous_3)
FNDA:3,(anonymous_4)
FNDA:1,(anonymous_5)
FNDA:0,useSettingStoreHook
DA:4,1
DA:5,7
DA:12,1
DA:15,1
DA:18,1
DA:23,3
DA:24,2
DA:28,1
DA:34,0
LF:9
LH:8
BRDA:23,0,0,2
BRDA:23,0,1,1
BRF:2
BRH:2
end_of_record
TN:
SF:src/store/modules/user.ts
FN:16,(anonymous_0)
FN:37,(anonymous_1)
FN:41,(anonymous_2)
FN:45,(anonymous_3)
FN:49,(anonymous_4)
FN:53,(anonymous_5)
FN:57,(anonymous_6)
FN:61,(anonymous_7)
FN:65,(anonymous_8)
FN:69,(anonymous_9)
FN:70,(anonymous_10)
FN:72,(anonymous_11)
FN:76,(anonymous_12)
FN:83,(anonymous_13)
FN:84,(anonymous_14)
FN:86,(anonymous_15)
FN:90,(anonymous_16)
FN:96,(anonymous_17)
FN:106,(anonymous_18)
FN:107,(anonymous_19)
FN:109,(anonymous_20)
FN:115,(anonymous_21)
FN:123,useUserStoreHook
FNF:23
FNH:20
FNDA:16,(anonymous_0)
FNDA:2,(anonymous_1)
FNDA:1,(anonymous_2)
FNDA:2,(anonymous_3)
FNDA:2,(anonymous_4)
FNDA:1,(anonymous_5)
FNDA:1,(anonymous_6)
FNDA:1,(anonymous_7)
FNDA:2,(anonymous_8)
FNDA:3,(anonymous_9)
FNDA:3,(anonymous_10)
FNDA:2,(anonymous_11)
FNDA:1,(anonymous_12)
FNDA:1,(anonymous_13)
FNDA:1,(anonymous_14)
FNDA:1,(anonymous_15)
FNDA:0,(anonymous_16)
FNDA:1,(anonymous_17)
FNDA:1,(anonymous_18)
FNDA:1,(anonymous_19)
FNDA:1,(anonymous_20)
FNDA:0,(anonymous_21)
FNDA:0,useUserStoreHook
DA:15,2
DA:16,16
DA:38,2
DA:42,1
DA:46,2
DA:50,2
DA:54,1
DA:58,1
DA:62,1
DA:66,2
DA:70,3
DA:71,3
DA:73,2
DA:74,2
DA:77,1
DA:84,1
DA:85,1
DA:87,1
DA:88,1
DA:91,0
DA:97,1
DA:98,1
DA:99,1
DA:100,1
DA:101,1
DA:102,1
DA:103,1
DA:107,1
DA:108,1
DA:110,1
DA:111,1
DA:112,1
DA:116,0
DA:124,0
LF:34
LH:31
BRDA:18,0,0,16
BRDA:18,0,1,16
BRDA:20,1,0,16
BRDA:20,1,1,16
BRDA:22,2,0,16
BRDA:22,2,1,16
BRDA:24,3,0,16
BRDA:24,3,1,16
BRDA:73,4,0,1
BRDA:73,4,1,1
BRDA:87,5,0,1
BRDA:87,5,1,0
BRDA:110,6,0,1
BRDA:110,6,1,0
BRF:14
BRH:12
end_of_record
TN:
SF:src/utils/auth.ts
FN:33,getToken
FN:46,setToken
FN:69,setUserKey
FN:111,removeToken
FN:118,(anonymous_4)
FN:123,(anonymous_5)
FNF:6
FNH:6
FNDA:2,getToken
FNDA:3,setToken
FNDA:3,setUserKey
FNDA:1,removeToken
FNDA:2,(anonymous_4)
FNDA:6,(anonymous_5)
DA:22,2
DA:23,2
DA:30,2
DA:35,2
DA:47,3
DA:48,3
DA:49,3
DA:50,3
DA:51,3
DA:53,3
DA:59,3
DA:70,3
DA:71,3
DA:72,3
DA:73,3
DA:74,3
DA:84,3
DA:85,2
DA:86,2
DA:93,1
DA:95,1
DA:97,1
DA:99,1
DA:101,1
DA:112,1
DA:113,1
DA:114,1
DA:118,2
DA:119,2
DA:123,2
DA:124,6
DA:125,4
DA:126,4
DA:127,4
DA:128,4
DA:129,3
DA:132,6
LF:37
LH:37
BRDA:35,0,0,1
BRDA:35,0,1,1
BRDA:53,1,0,2
BRDA:53,1,1,1
BRDA:62,2,0,1
BRDA:62,2,1,2
BRDA:84,3,0,2
BRDA:84,3,1,1
BRDA:84,4,0,3
BRDA:84,4,1,2
BRDA:88,5,0,2
BRDA:88,5,1,2
BRDA:90,6,0,2
BRDA:90,6,1,1
BRDA:93,7,0,1
BRDA:93,7,1,0
BRDA:95,8,0,1
BRDA:95,8,1,1
BRDA:97,9,0,1
BRDA:97,9,1,0
BRDA:99,10,0,1
BRDA:99,10,1,0
BRDA:124,11,0,2
BRDA:124,11,1,4
BRDA:127,12,0,0
BRDA:127,12,1,4
BRDA:128,13,0,1
BRDA:128,13,1,3
BRDA:128,14,0,4
BRDA:128,14,1,2
BRDA:129,15,0,3
BRDA:129,15,1,0
BRDA:132,16,0,1
BRDA:132,16,1,2
BRF:34
BRH:29
end_of_record
TN:
SF:src/utils/globalPolyfills.ts
FNF:0
FNH:0
DA:3,1
DA:4,0
LF:2
LH:1
BRDA:3,0,0,0
BRDA:3,0,1,1
BRF:2
BRH:1
end_of_record
TN:
SF:src/utils/message.ts
FN:40,(anonymous_0)
FN:79,(anonymous_1)
FN:87,(anonymous_2)
FNF:3
FNH:2
FNDA:4,(anonymous_0)
FNDA:0,(anonymous_1)
FNDA:1,(anonymous_2)
DA:40,3
DA:44,4
DA:45,1
DA:63,3
DA:65,3
DA:79,0
DA:87,3
LF:7
LH:6
BRDA:44,0,0,1
BRDA:44,0,1,3
BRDA:52,1,0,3
BRDA:53,2,0,3
BRDA:54,3,0,3
BRDA:55,4,0,3
BRDA:56,5,0,3
BRDA:57,6,0,3
BRDA:58,7,0,3
BRDA:59,8,0,3
BRDA:60,9,0,3
BRDA:61,10,0,3
BRDA:78,11,0,2
BRDA:78,11,1,1
BRDA:79,12,0,0
BRDA:79,12,1,0
BRF:16
BRH:14
end_of_record
TN:
SF:src/utils/mitt.ts
FNF:0
FNH:0
DA:21,1
LF:1
LH:1
BRF:0
BRH:0
end_of_record
TN:
SF:src/utils/preventDefault.ts
FN:4,isImgElement
FN:11,(anonymous_1)
FN:15,(anonymous_2)
FN:19,(anonymous_3)
FN:21,(anonymous_4)
FN:25,(anonymous_5)
FNF:6
FNH:4
FNDA:0,isImgElement
FNDA:6,(anonymous_1)
FNDA:2,(anonymous_2)
FNDA:1,(anonymous_3)
FNDA:1,(anonymous_4)
FNDA:0,(anonymous_5)
DA:5,0
DA:11,1
DA:13,6
DA:16,2
DA:19,6
DA:21,6
DA:23,6
DA:26,0
LF:8
LH:6
BRDA:5,0,0,0
BRDA:5,0,1,0
BRDA:16,1,0,2
BRDA:16,1,1,1
BRDA:26,2,0,0
BRDA:26,2,1,0
BRF:6
BRH:2
end_of_record
TN:
SF:src/utils/propTypes.ts
FN:28,(anonymous_0)
FN:34,(anonymous_1)
FNF:2
FNH:2
FNDA:1,(anonymous_0)
FNDA:1,(anonymous_1)
DA:16,1
DA:29,1
DA:35,1
LF:3
LH:3
BRF:0
BRH:0
end_of_record
TN:
SF:src/utils/responsive.ts
FN:7,(anonymous_0)
FNF:1
FNH:1
FNDA:3,(anonymous_0)
DA:7,1
DA:8,3
DA:9,3
DA:45,3
LF:4
LH:4
BRDA:12,0,0,3
BRDA:12,0,1,3
BRDA:13,1,0,3
BRDA:13,1,1,1
BRDA:16,2,0,3
BRDA:16,2,1,3
BRDA:17,3,0,3
BRDA:17,3,1,1
BRDA:18,4,0,3
BRDA:18,4,1,1
BRDA:19,5,0,3
BRDA:19,5,1,2
BRDA:20,6,0,3
BRDA:20,6,1,2
BRDA:21,7,0,3
BRDA:21,7,1,2
BRDA:22,8,0,3
BRDA:22,8,1,1
BRDA:23,9,0,3
BRDA:23,9,1,2
BRDA:26,10,0,3
BRDA:26,10,1,3
BRDA:27,11,0,3
BRDA:27,11,1,2
BRDA:28,12,0,3
BRDA:28,12,1,2
BRDA:29,13,0,3
BRDA:29,13,1,2
BRDA:30,14,0,3
BRDA:30,14,1,2
BRDA:31,15,0,3
BRDA:31,15,1,2
BRDA:32,16,0,3
BRDA:32,16,1,2
BRDA:33,17,0,3
BRDA:33,17,1,0
BRDA:34,18,0,3
BRDA:34,18,1,2
BRDA:37,19,0,1
BRDA:37,19,1,2
BRDA:40,20,0,1
BRDA:40,20,1,1
BRF:42
BRH:41
end_of_record
TN:
SF:src/utils/sso.ts
FN:13,(anonymous_0)
FNF:1
FNH:0
FNDA:0,(anonymous_0)
DA:13,0
DA:15,0
DA:16,0
DA:17,0
DA:18,0
DA:21,0
DA:22,0
DA:24,0
DA:25,0
DA:26,0
DA:28,0
DA:30,0
DA:33,0
DA:37,0
DA:40,0
DA:43,0
DA:44,0
DA:46,0
DA:55,0
DA:57,0
LF:20
LH:0
BRDA:18,0,0,0
BRDA:18,0,1,0
BRDA:25,1,0,0
BRDA:25,1,1,0
BRDA:25,2,0,0
BRDA:25,2,1,0
BRDA:33,3,0,0
BRDA:33,3,1,0
BRF:8
BRH:0
end_of_record
TN:
SF:src/utils/tree.ts
FN:6,(anonymous_0)
FN:29,(anonymous_1)
FN:56,(anonymous_2)
FN:80,(anonymous_3)
FN:89,(anonymous_4)
FN:92,(anonymous_5)
FN:93,(anonymous_6)
FN:105,(anonymous_7)
FN:137,(anonymous_8)
FN:177,adaptToChildrenList
FN:195,(anonymous_10)
FNF:11
FNH:11
FNDA:6,(anonymous_0)
FNDA:6,(anonymous_1)
FNDA:6,(anonymous_2)
FNDA:6,(anonymous_3)
FNDA:5,(anonymous_4)
FNDA:2,(anonymous_5)
FNDA:1,(anonymous_6)
FNDA:5,(anonymous_7)
FNDA:4,(anonymous_8)
FNDA:7,adaptToChildrenList
FNDA:5,(anonymous_10)
DA:6,4
DA:7,6
DA:8,2
DA:9,2
DA:11,4
DA:12,3
DA:13,3
DA:14,5
DA:15,5
DA:16,1
DA:18,5
DA:20,3
DA:29,4
DA:30,6
DA:31,1
DA:32,1
DA:34,5
DA:35,5
DA:36,7
DA:37,7
DA:38,7
DA:39,7
DA:40,7
DA:42,7
DA:43,7
DA:44,2
DA:47,5
DA:56,4
DA:57,6
DA:58,1
DA:59,1
DA:61,5
DA:62,5
DA:63,6
DA:64,6
DA:65,6
DA:66,6
DA:67,6
DA:68,2
DA:71,5
DA:80,4
DA:84,6
DA:85,1
DA:86,1
DA:88,5
DA:89,5
DA:90,4
DA:91,2
DA:92,2
DA:93,1
DA:95,2
DA:105,4
DA:110,5
DA:111,1
DA:112,1
DA:114,4
DA:115,4
DA:116,4
DA:117,4
DA:121,2
DA:122,4
DA:123,1
DA:126,4
DA:137,4
DA:143,4
DA:144,1
DA:145,1
DA:147,3
DA:153,4
DA:154,4
DA:155,4
DA:157,4
DA:158,7
DA:159,7
DA:160,5
DA:162,7
DA:163,7
DA:166,3
DA:167,7
DA:168,7
DA:169,4
DA:173,3
DA:174,4
DA:178,7
DA:179,7
DA:181,7
DA:182,2
DA:183,3
DA:187,3
DA:195,4
DA:196,5
DA:197,1
DA:198,1
DA:200,4
DA:202,3
DA:203,3
DA:205,3
DA:206,5
DA:207,5
DA:208,4
DA:213,4
DA:215,5
DA:223,3
LF:103
LH:103
BRDA:7,0,0,2
BRDA:7,0,1,4
BRDA:11,1,0,1
BRDA:11,1,1,3
BRDA:11,2,0,4
BRDA:11,2,1,4
BRDA:14,3,0,5
BRDA:14,3,1,1
BRDA:15,4,0,1
BRDA:15,4,1,4
BRDA:29,5,0,6
BRDA:30,6,0,1
BRDA:30,6,1,5
BRDA:34,7,0,0
BRDA:34,7,1,5
BRDA:34,8,0,5
BRDA:34,8,1,5
BRDA:36,9,0,2
BRDA:36,9,1,5
BRDA:36,10,0,7
BRDA:36,10,1,4
BRDA:38,11,0,4
BRDA:38,11,1,3
BRDA:41,12,0,4
BRDA:41,12,1,3
BRDA:42,13,0,7
BRDA:42,13,1,2
BRDA:43,14,0,2
BRDA:43,14,1,5
BRDA:56,15,0,6
BRDA:57,16,0,1
BRDA:57,16,1,5
BRDA:61,17,0,0
BRDA:61,17,1,5
BRDA:61,18,0,5
BRDA:61,18,1,5
BRDA:64,19,0,3
BRDA:64,19,1,3
BRDA:66,20,0,6
BRDA:66,20,1,4
BRDA:67,21,0,2
BRDA:67,21,1,4
BRDA:84,22,0,1
BRDA:84,22,1,5
BRDA:88,23,0,1
BRDA:88,23,1,4
BRDA:88,24,0,5
BRDA:88,24,1,5
BRDA:90,25,0,2
BRDA:90,25,1,2
BRDA:110,26,0,1
BRDA:110,26,1,4
BRDA:114,27,0,0
BRDA:114,27,1,4
BRDA:114,28,0,4
BRDA:114,28,1,4
BRDA:116,29,0,4
BRDA:116,29,1,1
BRDA:117,30,0,2
BRDA:117,30,1,2
BRDA:118,31,0,4
BRDA:118,31,1,3
BRDA:122,32,0,1
BRDA:122,32,1,3
BRDA:143,33,0,1
BRDA:143,33,1,3
BRDA:148,34,0,3
BRDA:148,34,1,2
BRDA:149,35,0,4
BRDA:149,35,1,2
BRDA:150,36,0,4
BRDA:150,36,1,2
BRDA:159,37,0,5
BRDA:159,37,1,2
BRDA:168,38,0,4
BRDA:168,38,1,3
BRDA:178,39,0,7
BRDA:178,39,1,0
BRDA:181,40,0,2
BRDA:181,40,1,5
BRDA:196,41,0,1
BRDA:196,41,1,4
BRDA:200,42,0,1
BRDA:200,42,1,3
BRDA:200,43,0,4
BRDA:200,43,1,4
BRDA:206,44,0,5
BRDA:206,44,1,1
BRDA:207,45,0,4
BRDA:207,45,1,1
BRDA:217,46,0,5
BRDA:217,46,1,1
BRF:92
BRH:88
end_of_record
TN:
SF:src/utils/http/index.ts
FN:34,(anonymous_0)
FN:52,(anonymous_1)
FN:53,(anonymous_2)
FN:54,(anonymous_3)
FN:62,(anonymous_4)
FN:64,(anonymous_5)
FN:82,(anonymous_6)
FN:85,(anonymous_7)
FN:96,(anonymous_8)
FN:99,(anonymous_9)
FN:102,(anonymous_10)
FN:109,(anonymous_11)
FN:125,(anonymous_12)
FN:132,(anonymous_13)
FN:134,(anonymous_14)
FN:148,(anonymous_15)
FN:154,(anonymous_16)
FN:168,(anonymous_17)
FN:182,(anonymous_18)
FN:185,(anonymous_19)
FN:188,(anonymous_20)
FN:195,(anonymous_21)
FN:204,(anonymous_22)
FNF:23
FNH:18
FNDA:3,(anonymous_0)
FNDA:3,(anonymous_1)
FNDA:1,(anonymous_2)
FNDA:1,(anonymous_3)
FNDA:3,(anonymous_4)
FNDA:8,(anonymous_5)
FNDA:22,(anonymous_6)
FNDA:3,(anonymous_7)
FNDA:1,(anonymous_8)
FNDA:1,(anonymous_9)
FNDA:0,(anonymous_10)
FNDA:1,(anonymous_11)
FNDA:0,(anonymous_12)
FNDA:3,(anonymous_13)
FNDA:0,(anonymous_14)
FNDA:8,(anonymous_15)
FNDA:0,(anonymous_16)
FNDA:8,(anonymous_17)
FNDA:8,(anonymous_18)
FNDA:0,(anonymous_19)
FNDA:8,(anonymous_20)
FNDA:1,(anonymous_21)
FNDA:1,(anonymous_22)
DA:19,3
DA:35,3
DA:36,3
DA:40,3
DA:43,3
DA:46,3
DA:49,3
DA:53,1
DA:54,1
DA:55,1
DA:56,1
DA:63,3
DA:66,8
DA:67,1
DA:68,1
DA:70,7
DA:71,0
DA:72,0
DA:75,7
DA:82,22
DA:83,7
DA:86,3
DA:87,3
DA:88,2
DA:89,2
DA:90,2
DA:91,1
DA:92,1
DA:94,1
DA:97,1
DA:98,1
DA:99,1
DA:100,1
DA:103,0
DA:104,0
DA:105,0
DA:110,1
DA:113,1
DA:115,1
DA:118,1
DA:121,1
DA:126,0
DA:133,3
DA:134,3
DA:136,0
DA:138,0
DA:139,0
DA:140,0
DA:142,0
DA:143,0
DA:144,0
DA:146,0
DA:149,8
DA:150,8
DA:151,8
DA:152,0
DA:153,0
DA:154,0
DA:155,0
DA:157,0
DA:158,0
DA:159,0
DA:162,8
DA:174,8
DA:182,8
DA:183,8
DA:186,0
DA:189,8
DA:200,1
DA:209,1
DA:213,3
LF:71
LH:49
BRDA:66,0,0,1
BRDA:66,0,1,7
BRDA:70,1,0,0
BRDA:70,1,1,7
BRDA:83,2,0,4
BRDA:83,2,1,3
BRDA:87,3,0,2
BRDA:87,3,1,1
BRDA:90,4,0,1
BRDA:90,4,1,1
BRDA:91,5,0,1
BRDA:91,5,1,0
BRDA:138,6,0,0
BRDA:138,6,1,0
BRDA:142,7,0,0
BRDA:142,7,1,0
BRDA:151,8,0,0
BRDA:151,8,1,8
BRDA:152,9,0,0
BRDA:152,9,1,0
BRDA:157,10,0,0
BRDA:157,10,1,0
BRF:22
BRH:11
end_of_record
TN:
SF:src/utils/localforage/index.ts
FN:6,(anonymous_0)
FN:21,(anonymous_1)
FN:22,(anonymous_2)
FN:28,(anonymous_3)
FN:31,(anonymous_4)
FN:41,(anonymous_5)
FN:42,(anonymous_6)
FN:45,(anonymous_7)
FN:50,(anonymous_8)
FN:60,(anonymous_9)
FN:61,(anonymous_10)
FN:64,(anonymous_11)
FN:67,(anonymous_12)
FN:76,(anonymous_13)
FN:77,(anonymous_14)
FN:80,(anonymous_15)
FN:83,(anonymous_16)
FN:92,(anonymous_17)
FN:93,(anonymous_18)
FN:96,(anonymous_19)
FN:99,(anonymous_20)
FN:109,(anonymous_21)
FNF:22
FNH:22
FNDA:16,(anonymous_0)
FNDA:4,(anonymous_1)
FNDA:4,(anonymous_2)
FNDA:3,(anonymous_3)
FNDA:1,(anonymous_4)
FNDA:5,(anonymous_5)
FNDA:5,(anonymous_6)
FNDA:4,(anonymous_7)
FNDA:1,(anonymous_8)
FNDA:2,(anonymous_9)
FNDA:2,(anonymous_10)
FNDA:1,(anonymous_11)
FNDA:1,(anonymous_12)
FNDA:2,(anonymous_13)
FNDA:2,(anonymous_14)
FNDA:1,(anonymous_15)
FNDA:1,(anonymous_16)
FNDA:2,(anonymous_17)
FNDA:2,(anonymous_18)
FNDA:1,(anonymous_19)
FNDA:1,(anonymous_20)
FNDA:16,(anonymous_21)
DA:7,16
DA:8,16
DA:22,4
DA:23,4
DA:29,3
DA:32,1
DA:42,5
DA:43,5
DA:46,4
DA:51,1
DA:61,2
DA:62,2
DA:65,1
DA:68,1
DA:77,2
DA:78,2
DA:81,1
DA:84,1
DA:93,2
DA:94,2
DA:97,1
DA:100,1
DA:109,16
LF:23
LH:23
BRDA:21,0,0,4
BRDA:26,1,0,1
BRDA:26,1,1,3
BRDA:46,2,0,2
BRDA:46,2,1,2
BRDA:46,3,0,4
BRDA:46,3,1,3
BRDA:46,3,2,2
BRF:8
BRH:8
end_of_record
TN:
SF:src/utils/progress/index.ts
FNF:0
FNH:0
DA:4,1
LF:1
LH:1
BRF:0
BRH:0
end_of_record
